app/build/intermediates/manifest_merge_blame_file/debug/manifest-merger-blame-debug-report.txt
1<?xml version="1.0" encoding="utf-8"?>
2<manifest xmlns:android="http://schemas.android.com/apk/res/android"
3    package="com.tinne.finalproject4"
4    android:versionCode="1"
5    android:versionName="1.0" >
6
7    <uses-sdk
8        android:minSdkVersion="30"
8-->src\main\AndroidManifest.xml
9        android:targetSdkVersion="33" />
9-->src\main\AndroidManifest.xml
10
11    <uses-permission android:name="android.permission.INTERNET" />
11-->src\main\AndroidManifest.xml:5:5-67
11-->src\main\AndroidManifest.xml:5:22-64
12    <uses-permission android:name="android.permission.ACCESS_NETWORK_STATE" />
12-->src\main\AndroidManifest.xml:6:5-79
12-->src\main\AndroidManifest.xml:6:22-76
13    <uses-permission android:name="android.permission.WAKE_LOCK" />
13-->[com.google.android.gms:play-services-measurement-api:21.1.1] AndroidManifest.xml:24:5-68
13-->[com.google.android.gms:play-services-measurement-api:21.1.1] AndroidManifest.xml:24:22-65
14    <uses-permission android:name="com.google.android.gms.permission.AD_ID" />
14-->[com.google.android.gms:play-services-measurement-api:21.1.1] AndroidManifest.xml:25:5-79
14-->[com.google.android.gms:play-services-measurement-api:21.1.1] AndroidManifest.xml:25:22-76
15    <uses-permission android:name="com.google.android.finsky.permission.BIND_GET_INSTALL_REFERRER_SERVICE" />
15-->[com.google.android.gms:play-services-measurement:21.1.1] AndroidManifest.xml:26:5-110
15-->[com.google.android.gms:play-services-measurement:21.1.1] AndroidManifest.xml:26:22-107
16
17    <application
17-->src\main\AndroidManifest.xml:8:5-79:19
18        android:allowBackup="true"
18-->src\main\AndroidManifest.xml:9:9-35
19        android:appComponentFactory="androidx.core.app.CoreComponentFactory"
19-->[androidx.core:core:1.8.0] AndroidManifest.xml:24:18-86
20        android:dataExtractionRules="@xml/data_extraction_rules"
20-->src\main\AndroidManifest.xml:10:9-65
21        android:debuggable="true"
22        android:extractNativeLibs="false"
23        android:fullBackupContent="@xml/backup_rules"
23-->src\main\AndroidManifest.xml:11:9-54
24        android:icon="@mipmap/ic_launcher"
24-->src\main\AndroidManifest.xml:12:9-43
25        android:label="@string/app_name"
25-->src\main\AndroidManifest.xml:13:9-41
26        android:roundIcon="@mipmap/ic_launcher_round"
26-->src\main\AndroidManifest.xml:14:9-54
27        android:supportsRtl="true"
27-->src\main\AndroidManifest.xml:15:9-35
28        android:theme="@style/Theme.FinalProject4" >
28-->src\main\AndroidManifest.xml:16:9-51
29        <activity
29-->src\main\AndroidManifest.xml:18:9-20:40
30            android:name="com.tinne.finalproject4.PaymentDetailsActivity"
30-->src\main\AndroidManifest.xml:19:13-51
31            android:exported="false" />
31-->src\main\AndroidManifest.xml:20:13-37
32        <activity
32-->src\main\AndroidManifest.xml:21:9-23:40
33            android:name="com.tinne.finalproject4.PaymentActivity"
33-->src\main\AndroidManifest.xml:22:13-44
34            android:exported="false" />
34-->src\main\AndroidManifest.xml:23:13-37
35        <activity
35-->src\main\AndroidManifest.xml:24:9-30:20
36            android:name="com.tinne.finalproject4.ResultHomeActivity"
36-->src\main\AndroidManifest.xml:25:13-47
37            android:exported="false" >
37-->src\main\AndroidManifest.xml:26:13-37
38            <meta-data
38-->src\main\AndroidManifest.xml:27:13-29:36
39                android:name="android.app.lib_name"
39-->src\main\AndroidManifest.xml:28:17-52
40                android:value="" />
40-->src\main\AndroidManifest.xml:29:17-33
41        </activity>
42        <activity
42-->src\main\AndroidManifest.xml:31:9-37:20
43            android:name="com.tinne.finalproject4.DetailResultActivity"
43-->src\main\AndroidManifest.xml:32:13-49
44            android:exported="false" >
44-->src\main\AndroidManifest.xml:33:13-37
45            <meta-data
45-->src\main\AndroidManifest.xml:27:13-29:36
46                android:name="android.app.lib_name"
46-->src\main\AndroidManifest.xml:28:17-52
47                android:value="" />
47-->src\main\AndroidManifest.xml:29:17-33
48        </activity>
49        <activity
49-->src\main\AndroidManifest.xml:38:9-44:20
50            android:name="com.tinne.finalproject4.ChooseSeatActivity"
50-->src\main\AndroidManifest.xml:39:13-47
51            android:exported="false" >
51-->src\main\AndroidManifest.xml:40:13-37
52            <meta-data
52-->src\main\AndroidManifest.xml:27:13-29:36
53                android:name="android.app.lib_name"
53-->src\main\AndroidManifest.xml:28:17-52
54                android:value="" />
54-->src\main\AndroidManifest.xml:29:17-33
55        </activity>
56        <activity
56-->src\main\AndroidManifest.xml:45:9-51:20
57            android:name="com.tinne.finalproject4.HomeInputActivity"
57-->src\main\AndroidManifest.xml:46:13-46
58            android:exported="false" >
58-->src\main\AndroidManifest.xml:47:13-37
59            <meta-data
59-->src\main\AndroidManifest.xml:27:13-29:36
60                android:name="android.app.lib_name"
60-->src\main\AndroidManifest.xml:28:17-52
61                android:value="" />
61-->src\main\AndroidManifest.xml:29:17-33
62        </activity>
63        <activity
63-->src\main\AndroidManifest.xml:52:9-64:20
64            android:name="com.tinne.finalproject4.SplashActivity"
64-->src\main\AndroidManifest.xml:53:13-43
65            android:exported="true" >
65-->src\main\AndroidManifest.xml:54:13-36
66            <intent-filter>
66-->src\main\AndroidManifest.xml:55:13-59:29
67                <action android:name="android.intent.action.MAIN" />
67-->src\main\AndroidManifest.xml:56:17-69
67-->src\main\AndroidManifest.xml:56:25-66
68
69                <category android:name="android.intent.category.LAUNCHER" />
69-->src\main\AndroidManifest.xml:58:17-77
69-->src\main\AndroidManifest.xml:58:27-74
70            </intent-filter>
71
72            <meta-data
72-->src\main\AndroidManifest.xml:27:13-29:36
73                android:name="android.app.lib_name"
73-->src\main\AndroidManifest.xml:28:17-52
74                android:value="" />
74-->src\main\AndroidManifest.xml:29:17-33
75        </activity>
76        <activity
76-->src\main\AndroidManifest.xml:65:9-71:20
77            android:name="com.tinne.finalproject4.RegisterActivity"
77-->src\main\AndroidManifest.xml:66:13-45
78            android:exported="false" >
78-->src\main\AndroidManifest.xml:67:13-37
79            <meta-data
79-->src\main\AndroidManifest.xml:27:13-29:36
80                android:name="android.app.lib_name"
80-->src\main\AndroidManifest.xml:28:17-52
81                android:value="" />
81-->src\main\AndroidManifest.xml:29:17-33
82        </activity>
83        <activity
83-->src\main\AndroidManifest.xml:72:9-78:20
84            android:name="com.tinne.finalproject4.LoginActivity"
84-->src\main\AndroidManifest.xml:73:13-42
85            android:exported="false" >
85-->src\main\AndroidManifest.xml:74:13-37
86            <meta-data
86-->src\main\AndroidManifest.xml:27:13-29:36
87                android:name="android.app.lib_name"
87-->src\main\AndroidManifest.xml:28:17-52
88                android:value="" />
88-->src\main\AndroidManifest.xml:29:17-33
89        </activity>
90        <activity
90-->[com.google.firebase:firebase-auth:21.1.0] AndroidManifest.xml:27:9-44:20
91            android:name="com.google.firebase.auth.internal.GenericIdpActivity"
91-->[com.google.firebase:firebase-auth:21.1.0] AndroidManifest.xml:28:13-80
92            android:excludeFromRecents="true"
92-->[com.google.firebase:firebase-auth:21.1.0] AndroidManifest.xml:29:13-46
93            android:exported="true"
93-->[com.google.firebase:firebase-auth:21.1.0] AndroidManifest.xml:30:13-36
94            android:launchMode="singleTask"
94-->[com.google.firebase:firebase-auth:21.1.0] AndroidManifest.xml:31:13-44
95            android:theme="@android:style/Theme.Translucent.NoTitleBar" >
95-->[com.google.firebase:firebase-auth:21.1.0] AndroidManifest.xml:32:13-72
96            <intent-filter>
96-->[com.google.firebase:firebase-auth:21.1.0] AndroidManifest.xml:33:13-43:29
97                <action android:name="android.intent.action.VIEW" />
97-->[com.google.firebase:firebase-auth:21.1.0] AndroidManifest.xml:34:17-69
97-->[com.google.firebase:firebase-auth:21.1.0] AndroidManifest.xml:34:25-66
98
99                <category android:name="android.intent.category.DEFAULT" />
99-->[com.google.firebase:firebase-auth:21.1.0] AndroidManifest.xml:36:17-76
99-->[com.google.firebase:firebase-auth:21.1.0] AndroidManifest.xml:36:27-73
100                <category android:name="android.intent.category.BROWSABLE" />
100-->[com.google.firebase:firebase-auth:21.1.0] AndroidManifest.xml:37:17-78
100-->[com.google.firebase:firebase-auth:21.1.0] AndroidManifest.xml:37:27-75
101
102                <data
102-->[com.google.firebase:firebase-auth:21.1.0] AndroidManifest.xml:39:17-42:51
103                    android:host="firebase.auth"
103-->[com.google.firebase:firebase-auth:21.1.0] AndroidManifest.xml:40:21-49
104                    android:path="/"
104-->[com.google.firebase:firebase-auth:21.1.0] AndroidManifest.xml:41:21-37
105                    android:scheme="genericidp" />
105-->[com.google.firebase:firebase-auth:21.1.0] AndroidManifest.xml:42:21-48
106            </intent-filter>
107        </activity>
108        <activity
108-->[com.google.firebase:firebase-auth:21.1.0] AndroidManifest.xml:45:9-62:20
109            android:name="com.google.firebase.auth.internal.RecaptchaActivity"
109-->[com.google.firebase:firebase-auth:21.1.0] AndroidManifest.xml:46:13-79
110            android:excludeFromRecents="true"
110-->[com.google.firebase:firebase-auth:21.1.0] AndroidManifest.xml:47:13-46
111            android:exported="true"
111-->[com.google.firebase:firebase-auth:21.1.0] AndroidManifest.xml:48:13-36
112            android:launchMode="singleTask"
112-->[com.google.firebase:firebase-auth:21.1.0] AndroidManifest.xml:49:13-44
113            android:theme="@android:style/Theme.Translucent.NoTitleBar" >
113-->[com.google.firebase:firebase-auth:21.1.0] AndroidManifest.xml:50:13-72
114            <intent-filter>
114-->[com.google.firebase:firebase-auth:21.1.0] AndroidManifest.xml:51:13-61:29
115                <action android:name="android.intent.action.VIEW" />
115-->[com.google.firebase:firebase-auth:21.1.0] AndroidManifest.xml:34:17-69
115-->[com.google.firebase:firebase-auth:21.1.0] AndroidManifest.xml:34:25-66
116
117                <category android:name="android.intent.category.DEFAULT" />
117-->[com.google.firebase:firebase-auth:21.1.0] AndroidManifest.xml:36:17-76
117-->[com.google.firebase:firebase-auth:21.1.0] AndroidManifest.xml:36:27-73
118                <category android:name="android.intent.category.BROWSABLE" />
118-->[com.google.firebase:firebase-auth:21.1.0] AndroidManifest.xml:37:17-78
118-->[com.google.firebase:firebase-auth:21.1.0] AndroidManifest.xml:37:27-75
119
120                <data
120-->[com.google.firebase:firebase-auth:21.1.0] AndroidManifest.xml:39:17-42:51
121                    android:host="firebase.auth"
121-->[com.google.firebase:firebase-auth:21.1.0] AndroidManifest.xml:40:21-49
122                    android:path="/"
122-->[com.google.firebase:firebase-auth:21.1.0] AndroidManifest.xml:41:21-37
123                    android:scheme="recaptcha" />
123-->[com.google.firebase:firebase-auth:21.1.0] AndroidManifest.xml:42:21-48
124            </intent-filter>
125        </activity>
126
127        <service
127-->[com.google.firebase:firebase-auth:21.1.0] AndroidManifest.xml:64:9-70:19
128            android:name="com.google.firebase.components.ComponentDiscoveryService"
128-->[com.google.firebase:firebase-auth:21.1.0] AndroidManifest.xml:65:13-84
129            android:directBootAware="true"
129-->[com.google.firebase:firebase-common:20.2.0] AndroidManifest.xml:34:13-43
130            android:exported="false" >
130-->[com.google.firebase:firebase-auth:21.1.0] AndroidManifest.xml:66:13-37
131            <meta-data
131-->[com.google.firebase:firebase-auth:21.1.0] AndroidManifest.xml:67:13-69:85
132                android:name="com.google.firebase.components:com.google.firebase.auth.FirebaseAuthRegistrar"
132-->[com.google.firebase:firebase-auth:21.1.0] AndroidManifest.xml:68:17-109
133                android:value="com.google.firebase.components.ComponentRegistrar" />
133-->[com.google.firebase:firebase-auth:21.1.0] AndroidManifest.xml:69:17-82
134            <meta-data
134-->[com.google.android.gms:play-services-measurement-api:21.1.1] AndroidManifest.xml:31:13-33:85
135                android:name="com.google.firebase.components:com.google.firebase.analytics.connector.internal.AnalyticsConnectorRegistrar"
135-->[com.google.android.gms:play-services-measurement-api:21.1.1] AndroidManifest.xml:32:17-139
136                android:value="com.google.firebase.components.ComponentRegistrar" />
136-->[com.google.android.gms:play-services-measurement-api:21.1.1] AndroidManifest.xml:33:17-82
137            <meta-data
137-->[com.google.firebase:firebase-installations:17.0.1] AndroidManifest.xml:18:13-20:85
138                android:name="com.google.firebase.components:com.google.firebase.installations.FirebaseInstallationsRegistrar"
138-->[com.google.firebase:firebase-installations:17.0.1] AndroidManifest.xml:19:17-127
139                android:value="com.google.firebase.components.ComponentRegistrar" />
139-->[com.google.firebase:firebase-installations:17.0.1] AndroidManifest.xml:20:17-82
140        </service>
141
142        <provider
142-->[com.google.firebase:firebase-common:20.2.0] AndroidManifest.xml:25:9-30:39
143            android:name="com.google.firebase.provider.FirebaseInitProvider"
143-->[com.google.firebase:firebase-common:20.2.0] AndroidManifest.xml:26:13-77
144            android:authorities="com.tinne.finalproject4.firebaseinitprovider"
144-->[com.google.firebase:firebase-common:20.2.0] AndroidManifest.xml:27:13-72
145            android:directBootAware="true"
145-->[com.google.firebase:firebase-common:20.2.0] AndroidManifest.xml:28:13-43
146            android:exported="false"
146-->[com.google.firebase:firebase-common:20.2.0] AndroidManifest.xml:29:13-37
147            android:initOrder="100" />
147-->[com.google.firebase:firebase-common:20.2.0] AndroidManifest.xml:30:13-36
148
149        <activity
149-->[com.google.android.gms:play-services-base:17.1.0] AndroidManifest.xml:23:9-26:75
150            android:name="com.google.android.gms.common.api.GoogleApiActivity"
150-->[com.google.android.gms:play-services-base:17.1.0] AndroidManifest.xml:24:13-79
151            android:exported="false"
151-->[com.google.android.gms:play-services-base:17.1.0] AndroidManifest.xml:25:13-37
152            android:theme="@android:style/Theme.Translucent.NoTitleBar" />
152-->[com.google.android.gms:play-services-base:17.1.0] AndroidManifest.xml:26:13-72
153
154        <receiver
154-->[com.google.android.gms:play-services-measurement:21.1.1] AndroidManifest.xml:29:9-33:20
155            android:name="com.google.android.gms.measurement.AppMeasurementReceiver"
155-->[com.google.android.gms:play-services-measurement:21.1.1] AndroidManifest.xml:30:13-85
156            android:enabled="true"
156-->[com.google.android.gms:play-services-measurement:21.1.1] AndroidManifest.xml:31:13-35
157            android:exported="false" >
157-->[com.google.android.gms:play-services-measurement:21.1.1] AndroidManifest.xml:32:13-37
158        </receiver>
159
160        <service
160-->[com.google.android.gms:play-services-measurement:21.1.1] AndroidManifest.xml:35:9-38:40
161            android:name="com.google.android.gms.measurement.AppMeasurementService"
161-->[com.google.android.gms:play-services-measurement:21.1.1] AndroidManifest.xml:36:13-84
162            android:enabled="true"
162-->[com.google.android.gms:play-services-measurement:21.1.1] AndroidManifest.xml:37:13-35
163            android:exported="false" />
163-->[com.google.android.gms:play-services-measurement:21.1.1] AndroidManifest.xml:38:13-37
164        <service
164-->[com.google.android.gms:play-services-measurement:21.1.1] AndroidManifest.xml:39:9-43:72
165            android:name="com.google.android.gms.measurement.AppMeasurementJobService"
165-->[com.google.android.gms:play-services-measurement:21.1.1] AndroidManifest.xml:40:13-87
166            android:enabled="true"
166-->[com.google.android.gms:play-services-measurement:21.1.1] AndroidManifest.xml:41:13-35
167            android:exported="false"
167-->[com.google.android.gms:play-services-measurement:21.1.1] AndroidManifest.xml:42:13-37
168            android:permission="android.permission.BIND_JOB_SERVICE" />
168-->[com.google.android.gms:play-services-measurement:21.1.1] AndroidManifest.xml:43:13-69
169
170        <meta-data
170-->[com.google.android.gms:play-services-basement:18.1.0] AndroidManifest.xml:21:9-23:69
171            android:name="com.google.android.gms.version"
171-->[com.google.android.gms:play-services-basement:18.1.0] AndroidManifest.xml:22:13-58
172            android:value="@integer/google_play_services_version" />
172-->[com.google.android.gms:play-services-basement:18.1.0] AndroidManifest.xml:23:13-66
173
174        <provider
174-->[androidx.emoji2:emoji2:1.2.0] AndroidManifest.xml:24:9-32:20
175            android:name="androidx.startup.InitializationProvider"
175-->[androidx.emoji2:emoji2:1.2.0] AndroidManifest.xml:25:13-67
176            android:authorities="com.tinne.finalproject4.androidx-startup"
176-->[androidx.emoji2:emoji2:1.2.0] AndroidManifest.xml:26:13-68
177            android:exported="false" >
177-->[androidx.emoji2:emoji2:1.2.0] AndroidManifest.xml:27:13-37
178            <meta-data
178-->[androidx.emoji2:emoji2:1.2.0] AndroidManifest.xml:29:13-31:52
179                android:name="androidx.emoji2.text.EmojiCompatInitializer"
179-->[androidx.emoji2:emoji2:1.2.0] AndroidManifest.xml:30:17-75
180                android:value="androidx.startup" />
180-->[androidx.emoji2:emoji2:1.2.0] AndroidManifest.xml:31:17-49
181            <meta-data
181-->[androidx.lifecycle:lifecycle-process:2.4.1] AndroidManifest.xml:31:13-33:52
182                android:name="androidx.lifecycle.ProcessLifecycleInitializer"
182-->[androidx.lifecycle:lifecycle-process:2.4.1] AndroidManifest.xml:32:17-78
183                android:value="androidx.startup" />
183-->[androidx.lifecycle:lifecycle-process:2.4.1] AndroidManifest.xml:33:17-49
184        </provider>
185    </application>
186
187</manifest>